<?xml version="1.0" encoding="UTF-8"?>
<!-- Generated by org.testng.reporters.JUnitXMLReporter -->
<testsuite hostname="DESKTOP-AN5GK7L" ignored="24" name="WonnaFoodCustomeriMobileApp" tests="13" failures="0" timestamp="2019-12-12T17:48:13 IST" time="426.042" errors="0">
  <testcase name="f" time="41.015" classname="script.Nav_Intro_Script"/>
  <testcase name="f" time="61.453" classname="script.LoginScript"/>
  <testcase name="f" time="39.469" classname="script.ProfileFunctionalityScript"/>
  <testcase name="f" time="18.957" classname="script.HomePageScript"/>
  <testcase name="f" time="11.123" classname="script.SearchScript"/>
  <testcase name="f" time="15.145" classname="script.MerchantViewScript"/>
  <testcase name="f" time="40.385" classname="script.CartScript"/>
  <testcase name="f" time="34.803" classname="script.AddressScript"/>
  <testcase name="f" time="54.079" classname="script.PlaceOrderScript"/>
  <testcase name="f" time="10.945" classname="script.WalletScript"/>
  <testcase name="f" time="1.885" classname="script.RefereFunctionalityScript"/>
  <testcase name="f" time="14.075" classname="script.AlertsScript"/>
  <testcase name="f" time="43.441" classname="script.PrivacyPolicyScript"/>
  <testcase name="@AfterSuite afterSuite" time="0.0" classname="utility.BaseClass">
    <ignored/>
  </testcase> <!-- @AfterSuite afterSuite -->
  <testcase name="@AfterSuite afterSuite" time="0.0" classname="utility.BaseClass">
    <ignored/>
  </testcase> <!-- @AfterSuite afterSuite -->
  <testcase name="@AfterSuite afterSuite" time="0.0" classname="utility.BaseClass">
    <ignored/>
  </testcase> <!-- @AfterSuite afterSuite -->
  <testcase name="@AfterSuite afterSuite" time="0.0" classname="utility.BaseClass">
    <ignored/>
  </testcase> <!-- @AfterSuite afterSuite -->
  <testcase name="@AfterSuite afterSuite" time="0.0" classname="utility.BaseClass">
    <ignored/>
  </testcase> <!-- @AfterSuite afterSuite -->
  <testcase name="@AfterSuite afterSuite" time="0.0" classname="utility.BaseClass">
    <ignored/>
  </testcase> <!-- @AfterSuite afterSuite -->
  <testcase name="@AfterSuite afterSuite" time="0.0" classname="utility.BaseClass">
    <ignored/>
  </testcase> <!-- @AfterSuite afterSuite -->
  <testcase name="@AfterSuite afterSuite" time="0.0" classname="utility.BaseClass">
    <ignored/>
  </testcase> <!-- @AfterSuite afterSuite -->
  <testcase name="@AfterSuite afterSuite" time="0.0" classname="utility.BaseClass">
    <ignored/>
  </testcase> <!-- @AfterSuite afterSuite -->
  <testcase name="@AfterSuite afterSuite" time="0.0" classname="utility.BaseClass">
    <ignored/>
  </testcase> <!-- @AfterSuite afterSuite -->
  <testcase name="@AfterSuite afterSuite" time="0.0" classname="utility.BaseClass">
    <ignored/>
  </testcase> <!-- @AfterSuite afterSuite -->
  <testcase name="@AfterSuite afterSuite" time="0.0" classname="utility.BaseClass">
    <ignored/>
  </testcase> <!-- @AfterSuite afterSuite -->
  <testcase name="@BeforeSuite setUpSuiteDetails" time="0.0" classname="utility.BaseClass">
    <ignored/>
  </testcase> <!-- @BeforeSuite setUpSuiteDetails -->
  <testcase name="@BeforeSuite setUpSuiteDetails" time="0.0" classname="utility.BaseClass">
    <ignored/>
  </testcase> <!-- @BeforeSuite setUpSuiteDetails -->
  <testcase name="@BeforeSuite setUpSuiteDetails" time="0.0" classname="utility.BaseClass">
    <ignored/>
  </testcase> <!-- @BeforeSuite setUpSuiteDetails -->
  <testcase name="@BeforeSuite setUpSuiteDetails" time="0.0" classname="utility.BaseClass">
    <ignored/>
  </testcase> <!-- @BeforeSuite setUpSuiteDetails -->
  <testcase name="@BeforeSuite setUpSuiteDetails" time="0.0" classname="utility.BaseClass">
    <ignored/>
  </testcase> <!-- @BeforeSuite setUpSuiteDetails -->
  <testcase name="@BeforeSuite setUpSuiteDetails" time="0.0" classname="utility.BaseClass">
    <ignored/>
  </testcase> <!-- @BeforeSuite setUpSuiteDetails -->
  <testcase name="@BeforeSuite setUpSuiteDetails" time="0.0" classname="utility.BaseClass">
    <ignored/>
  </testcase> <!-- @BeforeSuite setUpSuiteDetails -->
  <testcase name="@BeforeSuite setUpSuiteDetails" time="0.0" classname="utility.BaseClass">
    <ignored/>
  </testcase> <!-- @BeforeSuite setUpSuiteDetails -->
  <testcase name="@BeforeSuite setUpSuiteDetails" time="0.0" classname="utility.BaseClass">
    <ignored/>
  </testcase> <!-- @BeforeSuite setUpSuiteDetails -->
  <testcase name="@BeforeSuite setUpSuiteDetails" time="0.0" classname="utility.BaseClass">
    <ignored/>
  </testcase> <!-- @BeforeSuite setUpSuiteDetails -->
  <testcase name="@BeforeSuite setUpSuiteDetails" time="0.0" classname="utility.BaseClass">
    <ignored/>
  </testcase> <!-- @BeforeSuite setUpSuiteDetails -->
  <testcase name="@BeforeSuite setUpSuiteDetails" time="0.0" classname="utility.BaseClass">
    <ignored/>
  </testcase> <!-- @BeforeSuite setUpSuiteDetails -->
</testsuite> <!-- WonnaFoodCustomeriMobileApp -->
