<?xml version="1.0" encoding="UTF-8"?>
<!-- Generated by org.testng.reporters.JUnitXMLReporter -->
<testsuite hostname="DESKTOP-AN5GK7L" ignored="16" name="WonnaFoodCustomeriMobileApp" tests="9" failures="0" timestamp="2019-12-10T16:47:29 IST" time="412.728" errors="0">
  <testcase name="f" time="52.565" classname="script.Nav_Intro_Script"/>
  <testcase name="f" time="60.981" classname="script.LoginScript"/>
  <testcase name="f" time="39.901" classname="script.ProfileFunctionalityScript"/>
  <testcase name="f" time="19.067" classname="script.HomePageScript"/>
  <testcase name="f" time="12.037" classname="script.SearchScript"/>
  <testcase name="f" time="35.219" classname="script.MerchantViewScript"/>
  <testcase name="f" time="39.956" classname="script.CartScript"/>
  <testcase name="f" time="35.298" classname="script.AddressScript"/>
  <testcase name="f" time="90.476" classname="script.PlaceOrderScript"/>
  <testcase name="@AfterSuite afterSuite" time="0.0" classname="utility.BaseClass">
    <ignored/>
  </testcase> <!-- @AfterSuite afterSuite -->
  <testcase name="@AfterSuite afterSuite" time="0.0" classname="utility.BaseClass">
    <ignored/>
  </testcase> <!-- @AfterSuite afterSuite -->
  <testcase name="@AfterSuite afterSuite" time="0.0" classname="utility.BaseClass">
    <ignored/>
  </testcase> <!-- @AfterSuite afterSuite -->
  <testcase name="@AfterSuite afterSuite" time="0.0" classname="utility.BaseClass">
    <ignored/>
  </testcase> <!-- @AfterSuite afterSuite -->
  <testcase name="@AfterSuite afterSuite" time="0.0" classname="utility.BaseClass">
    <ignored/>
  </testcase> <!-- @AfterSuite afterSuite -->
  <testcase name="@AfterSuite afterSuite" time="0.0" classname="utility.BaseClass">
    <ignored/>
  </testcase> <!-- @AfterSuite afterSuite -->
  <testcase name="@AfterSuite afterSuite" time="0.0" classname="utility.BaseClass">
    <ignored/>
  </testcase> <!-- @AfterSuite afterSuite -->
  <testcase name="@AfterSuite afterSuite" time="0.0" classname="utility.BaseClass">
    <ignored/>
  </testcase> <!-- @AfterSuite afterSuite -->
  <testcase name="@BeforeSuite setUpSuiteDetails" time="0.0" classname="utility.BaseClass">
    <ignored/>
  </testcase> <!-- @BeforeSuite setUpSuiteDetails -->
  <testcase name="@BeforeSuite setUpSuiteDetails" time="0.0" classname="utility.BaseClass">
    <ignored/>
  </testcase> <!-- @BeforeSuite setUpSuiteDetails -->
  <testcase name="@BeforeSuite setUpSuiteDetails" time="0.0" classname="utility.BaseClass">
    <ignored/>
  </testcase> <!-- @BeforeSuite setUpSuiteDetails -->
  <testcase name="@BeforeSuite setUpSuiteDetails" time="0.0" classname="utility.BaseClass">
    <ignored/>
  </testcase> <!-- @BeforeSuite setUpSuiteDetails -->
  <testcase name="@BeforeSuite setUpSuiteDetails" time="0.0" classname="utility.BaseClass">
    <ignored/>
  </testcase> <!-- @BeforeSuite setUpSuiteDetails -->
  <testcase name="@BeforeSuite setUpSuiteDetails" time="0.0" classname="utility.BaseClass">
    <ignored/>
  </testcase> <!-- @BeforeSuite setUpSuiteDetails -->
  <testcase name="@BeforeSuite setUpSuiteDetails" time="0.0" classname="utility.BaseClass">
    <ignored/>
  </testcase> <!-- @BeforeSuite setUpSuiteDetails -->
  <testcase name="@BeforeSuite setUpSuiteDetails" time="0.0" classname="utility.BaseClass">
    <ignored/>
  </testcase> <!-- @BeforeSuite setUpSuiteDetails -->
</testsuite> <!-- WonnaFoodCustomeriMobileApp -->
